mode: set
libraryManagement/main.go:34.13,39.16 4 0
libraryManagement/main.go:39.16,40.37 1 0
libraryManagement/main.go:40.37,42.4 1 0
libraryManagement/main.go:44.2,53.21 5 0
libraryManagement/main.go:57.39,58.30 1 0
libraryManagement/main.go:58.30,65.36 6 0
libraryManagement/main.go:65.36,68.4 2 0
libraryManagement/main.go:70.3,70.11 1 0
libraryManagement/app/modules/Book/book.controller.go:21.53,24.2 2 0
libraryManagement/app/modules/Book/book.controller.go:26.51,32.48 4 0
libraryManagement/app/modules/Book/book.controller.go:32.48,35.3 2 0
libraryManagement/app/modules/Book/book.controller.go:36.2,36.57 1 0
libraryManagement/app/modules/Book/book.controller.go:36.57,40.3 3 0
libraryManagement/app/modules/Book/book.controller.go:41.2,43.16 3 0
libraryManagement/app/modules/Book/book.controller.go:43.16,46.3 2 0
libraryManagement/app/modules/Book/book.controller.go:47.2,47.68 1 0
libraryManagement/app/modules/Book/book.controller.go:50.63,54.12 3 0
libraryManagement/app/modules/Book/book.controller.go:54.12,57.3 2 0
libraryManagement/app/modules/Book/book.controller.go:59.2,60.16 2 0
libraryManagement/app/modules/Book/book.controller.go:60.16,64.3 2 0
libraryManagement/app/modules/Book/book.controller.go:66.2,68.22 2 0
libraryManagement/app/modules/Book/book.controller.go:68.22,71.3 2 0
libraryManagement/app/modules/Book/book.controller.go:72.2,72.67 1 0
libraryManagement/app/modules/Book/book.controller.go:76.54,82.16 4 0
libraryManagement/app/modules/Book/book.controller.go:82.16,85.3 2 0
libraryManagement/app/modules/Book/book.controller.go:86.2,86.74 1 0
libraryManagement/app/modules/Book/book.controller.go:90.66,93.12 3 0
libraryManagement/app/modules/Book/book.controller.go:93.12,96.3 2 0
libraryManagement/app/modules/Book/book.controller.go:98.2,98.78 1 0
libraryManagement/app/modules/Book/book.controller.go:98.78,101.3 2 0
libraryManagement/app/modules/Book/book.controller.go:102.2,102.104 1 0
libraryManagement/app/modules/Book/book.controller.go:105.66,110.63 3 0
libraryManagement/app/modules/Book/book.controller.go:110.63,113.3 2 0
libraryManagement/app/modules/Book/book.controller.go:114.2,116.12 3 0
libraryManagement/app/modules/Book/book.controller.go:116.12,119.3 2 0
libraryManagement/app/modules/Book/book.controller.go:120.2,120.45 1 0
libraryManagement/app/modules/Book/book.controller.go:120.45,124.3 2 0
libraryManagement/app/modules/Book/book.controller.go:125.2,125.12 1 0
libraryManagement/app/modules/Book/book.controller.go:125.12,128.3 2 0
libraryManagement/app/modules/Book/book.controller.go:129.2,132.16 3 0
libraryManagement/app/modules/Book/book.controller.go:132.16,135.3 2 0
libraryManagement/app/modules/Book/book.controller.go:136.2,136.36 1 0
libraryManagement/app/modules/Book/book.controller.go:136.36,139.3 2 0
libraryManagement/app/modules/Book/book.controller.go:141.2,141.91 1 0
libraryManagement/app/modules/Book/book.controller.go:141.91,144.3 2 0
libraryManagement/app/modules/Book/book.controller.go:145.2,145.65 1 0
libraryManagement/app/modules/Book/book.controller.go:148.70,153.16 4 0
libraryManagement/app/modules/Book/book.controller.go:153.16,156.3 1 0
libraryManagement/app/modules/Book/book.controller.go:157.2,157.62 1 0
libraryManagement/app/modules/Book/book.controller.go:160.55,164.51 3 0
libraryManagement/app/modules/Book/book.controller.go:164.51,169.3 4 0
libraryManagement/app/modules/Book/book.controller.go:170.2,171.16 2 0
libraryManagement/app/modules/Book/book.controller.go:171.16,174.3 2 0
libraryManagement/app/modules/Book/book.controller.go:175.2,175.73 1 0
libraryManagement/app/modules/Book/book.controller.go:178.51,182.2 3 0
libraryManagement/app/modules/Book/book.controller.go:184.53,188.2 3 0
libraryManagement/app/modules/Book/book.controller.go:189.59,192.17 3 0
libraryManagement/app/modules/Book/book.controller.go:192.17,194.3 1 0
libraryManagement/app/modules/Book/book.controller.go:195.2,195.28 1 0
libraryManagement/app/modules/Book/book.router.go:11.60,15.2 4 0
libraryManagement/app/modules/Book/book.router.go:15.2,25.3 8 0
libraryManagement/app/modules/Book/book.service.go:22.106,30.46 2 0
libraryManagement/app/modules/Book/book.service.go:30.46,32.3 1 0
libraryManagement/app/modules/Book/book.service.go:34.2,37.38 4 0
libraryManagement/app/modules/Book/book.service.go:37.38,42.33 4 0
libraryManagement/app/modules/Book/book.service.go:42.33,45.4 2 0
libraryManagement/app/modules/Book/book.service.go:46.3,46.13 1 0
libraryManagement/app/modules/Book/book.service.go:48.2,49.47 2 0
libraryManagement/app/modules/Book/book.service.go:49.47,51.3 1 0
libraryManagement/app/modules/Book/book.service.go:53.2,53.12 1 0
libraryManagement/app/modules/Book/book.service.go:56.115,61.70 4 0
libraryManagement/app/modules/Book/book.service.go:61.70,63.3 1 0
libraryManagement/app/modules/Book/book.service.go:64.2,64.27 1 0
libraryManagement/app/modules/Book/book.service.go:64.27,67.62 1 0
libraryManagement/app/modules/Book/book.service.go:67.62,69.4 1 0
libraryManagement/app/modules/Book/book.service.go:70.3,70.20 1 0
libraryManagement/app/modules/Book/book.service.go:73.2,74.29 2 0
libraryManagement/app/modules/Book/book.service.go:74.29,77.3 2 0
libraryManagement/app/modules/Book/book.service.go:78.2,78.19 1 0
libraryManagement/app/modules/Book/book.service.go:81.94,85.102 3 0
libraryManagement/app/modules/Book/book.service.go:85.102,87.3 1 0
libraryManagement/app/modules/Book/book.service.go:89.2,89.22 1 0
libraryManagement/app/modules/Book/book.service.go:93.118,97.101 3 0
libraryManagement/app/modules/Book/book.service.go:97.101,99.3 1 0
libraryManagement/app/modules/Book/book.service.go:101.2,101.68 1 0
libraryManagement/app/modules/Book/book.service.go:101.68,104.3 2 0
libraryManagement/app/modules/Book/book.service.go:106.2,107.43 1 0
libraryManagement/app/modules/Book/book.service.go:107.43,110.3 1 0
libraryManagement/app/modules/Book/book.service.go:112.2,112.12 1 0
libraryManagement/app/modules/Book/book.service.go:115.83,117.76 2 0
libraryManagement/app/modules/Book/book.service.go:117.76,120.3 2 0
libraryManagement/app/modules/Book/book.service.go:121.2,121.68 1 0
libraryManagement/app/modules/Book/book.service.go:121.68,123.3 1 0
libraryManagement/app/modules/Book/book.service.go:125.2,127.30 3 0
libraryManagement/app/modules/Book/book.service.go:127.30,130.3 2 0
libraryManagement/app/modules/Book/book.service.go:130.8,130.62 1 0
libraryManagement/app/modules/Book/book.service.go:130.62,132.3 1 0
libraryManagement/app/modules/Book/book.service.go:132.8,132.34 1 0
libraryManagement/app/modules/Book/book.service.go:132.34,134.3 1 0
libraryManagement/app/modules/Book/book.service.go:136.2,136.195 1 0
libraryManagement/app/modules/Book/book.service.go:136.195,139.3 2 0
libraryManagement/app/modules/Book/book.service.go:141.2,144.12 3 0
libraryManagement/app/modules/Book/book.service.go:148.120,158.25 6 0
libraryManagement/app/modules/Book/book.service.go:158.25,160.3 1 0
libraryManagement/app/modules/Book/book.service.go:162.2,162.25 1 0
libraryManagement/app/modules/Book/book.service.go:165.132,172.25 5 0
libraryManagement/app/modules/Book/book.service.go:172.25,175.3 1 0
libraryManagement/app/modules/Book/book.service.go:176.2,176.29 1 0
libraryManagement/app/modules/Book/book.service.go:176.29,180.3 1 0
libraryManagement/app/modules/Book/book.service.go:181.2,181.27 1 0
libraryManagement/app/middleware/index.go:16.56,17.30 1 0
libraryManagement/app/middleware/index.go:17.30,22.67 5 0
libraryManagement/app/middleware/index.go:22.67,26.4 3 0
libraryManagement/app/middleware/index.go:28.3,30.18 3 0
libraryManagement/app/middleware/index.go:30.18,34.4 3 0
libraryManagement/app/middleware/index.go:35.3,36.17 2 0
libraryManagement/app/middleware/index.go:36.17,41.4 4 0
libraryManagement/app/middleware/index.go:42.3,48.26 6 0
libraryManagement/app/middleware/index.go:48.26,52.4 3 0
libraryManagement/app/middleware/index.go:53.3,54.27 2 0
libraryManagement/app/middleware/index.go:59.46,61.30 1 0
libraryManagement/app/middleware/index.go:61.30,66.67 3 0
libraryManagement/app/middleware/index.go:66.67,70.4 3 0
libraryManagement/app/middleware/index.go:71.3,74.17 4 0
libraryManagement/app/middleware/index.go:74.17,79.4 3 0
libraryManagement/app/middleware/index.go:80.3,92.27 9 0
libraryManagement/app/middleware/index.go:92.27,94.17 1 0
libraryManagement/app/middleware/index.go:94.17,97.10 2 0
libraryManagement/app/middleware/index.go:101.3,102.17 2 0
libraryManagement/app/middleware/index.go:102.17,108.4 5 0
libraryManagement/app/middleware/index.go:110.3,110.11 1 0
libraryManagement/app/modules/Library/library.controller.go:18.59,22.2 2 0
libraryManagement/app/modules/Library/library.controller.go:24.60,27.16 2 0
libraryManagement/app/modules/Library/library.controller.go:27.16,30.3 2 0
libraryManagement/app/modules/Library/library.controller.go:32.2,32.86 1 0
libraryManagement/app/modules/Library/library.controller.go:35.57,38.12 3 0
libraryManagement/app/modules/Library/library.controller.go:38.12,41.3 1 0
libraryManagement/app/modules/Library/library.controller.go:42.2,44.16 3 0
libraryManagement/app/modules/Library/library.controller.go:44.16,47.3 2 0
libraryManagement/app/modules/Library/library.controller.go:49.2,49.81 1 0
libraryManagement/app/modules/Library/library.controller.go:52.57,54.16 2 0
libraryManagement/app/modules/Library/library.controller.go:54.16,57.3 2 0
libraryManagement/app/modules/Library/library.controller.go:60.61,62.2 0 0
libraryManagement/app/modules/Library/library.controller.go:64.60,69.72 4 0
libraryManagement/app/modules/Library/library.controller.go:69.72,72.3 2 0
libraryManagement/app/modules/Library/library.controller.go:73.2,75.16 3 0
libraryManagement/app/modules/Library/library.controller.go:75.16,78.3 2 0
libraryManagement/app/modules/Library/library.controller.go:79.2,79.77 1 0
libraryManagement/app/modules/Library/library.router.go:10.63,14.2 3 0
libraryManagement/app/modules/Library/library.router.go:14.2,22.3 6 0
libraryManagement/app/modules/Library/library.service.go:15.82,19.40 4 0
libraryManagement/app/modules/Library/library.service.go:19.40,21.3 1 0
libraryManagement/app/modules/Library/library.service.go:23.2,23.23 1 0
libraryManagement/app/modules/Library/library.service.go:27.51,31.2 1 0
libraryManagement/app/modules/Library/library.service.go:33.104,36.88 3 0
libraryManagement/app/modules/Library/library.service.go:36.88,38.3 1 0
libraryManagement/app/modules/Library/library.service.go:39.2,40.101 2 0
libraryManagement/app/modules/Library/library.service.go:40.101,42.3 1 0
libraryManagement/app/modules/Library/library.service.go:43.2,43.12 1 0
libraryManagement/app/modules/Library/library.service.go:46.48,50.2 2 0
libraryManagement/app/modules/Library/library.service.go:51.98,58.40 5 0
libraryManagement/app/modules/Library/library.service.go:58.40,60.3 1 0
libraryManagement/app/modules/Library/library.service.go:62.2,62.22 1 0
libraryManagement/app/modules/User/user.controller.go:20.53,24.2 2 0
libraryManagement/app/modules/User/user.controller.go:26.55,28.2 0 0
libraryManagement/app/modules/User/user.controller.go:30.51,32.12 2 0
libraryManagement/app/modules/User/user.controller.go:32.12,35.3 2 0
libraryManagement/app/modules/User/user.controller.go:36.2,39.16 4 0
libraryManagement/app/modules/User/user.controller.go:39.16,43.3 2 0
libraryManagement/app/modules/User/user.controller.go:44.2,44.71 1 0
libraryManagement/app/modules/User/user.controller.go:46.54,51.16 4 0
libraryManagement/app/modules/User/user.controller.go:51.16,56.3 2 0
libraryManagement/app/modules/User/user.controller.go:57.2,57.77 1 0
libraryManagement/app/modules/User/user.controller.go:59.53,65.55 6 0
libraryManagement/app/modules/User/user.controller.go:65.55,69.3 3 0
libraryManagement/app/modules/User/user.controller.go:71.2,72.16 2 0
libraryManagement/app/modules/User/user.controller.go:72.16,76.3 2 0
libraryManagement/app/modules/User/user.controller.go:77.2,77.81 1 0
libraryManagement/app/modules/User/user.controller.go:80.54,87.16 6 0
libraryManagement/app/modules/User/user.controller.go:87.16,90.3 2 0
libraryManagement/app/modules/User/user.controller.go:91.2,91.70 1 0
libraryManagement/app/modules/User/user.router.go:10.60,13.2 3 0
libraryManagement/app/modules/User/user.router.go:13.2,21.3 6 0
libraryManagement/app/modules/User/user.service.go:15.119,20.26 5 0
libraryManagement/app/modules/User/user.service.go:20.26,21.16 1 0
libraryManagement/app/modules/User/user.service.go:21.16,23.4 1 0
libraryManagement/app/modules/User/user.service.go:25.2,25.14 1 0
libraryManagement/app/modules/User/user.service.go:25.14,27.3 1 0
libraryManagement/app/modules/User/user.service.go:28.2,28.23 1 0
libraryManagement/app/modules/User/user.service.go:28.23,30.3 1 0
libraryManagement/app/modules/User/user.service.go:31.2,31.95 1 0
libraryManagement/app/modules/User/user.service.go:31.95,33.3 1 0
libraryManagement/app/modules/User/user.service.go:34.2,35.12 2 0
libraryManagement/app/modules/User/user.service.go:38.99,42.97 3 0
libraryManagement/app/modules/User/user.service.go:42.97,44.3 1 0
libraryManagement/app/modules/User/user.service.go:45.2,45.19 1 0
libraryManagement/app/modules/User/user.service.go:48.105,52.25 4 0
libraryManagement/app/modules/User/user.service.go:52.25,54.3 1 0
libraryManagement/app/modules/User/user.service.go:55.2,55.79 1 0
libraryManagement/app/modules/User/user.service.go:55.79,57.3 1 0
libraryManagement/app/modules/User/user.service.go:58.2,59.50 2 0
libraryManagement/app/modules/User/user.service.go:59.50,61.121 2 0
libraryManagement/app/modules/User/user.service.go:61.121,63.4 1 0
libraryManagement/app/modules/User/user.service.go:64.3,64.22 1 0
libraryManagement/app/modules/User/user.service.go:66.2,66.24 1 0
libraryManagement/app/modules/User/user.service.go:66.24,68.3 1 0
libraryManagement/app/modules/User/user.service.go:68.8,70.3 1 0
libraryManagement/app/modules/User/user.service.go:74.96,77.23 3 0
libraryManagement/app/modules/User/user.service.go:77.23,79.3 1 0
libraryManagement/app/modules/User/user.service.go:80.2,80.68 1 0
libraryManagement/app/modules/User/user.service.go:80.68,82.3 1 0
libraryManagement/app/modules/User/user.service.go:83.2,83.51 1 0
libraryManagement/app/modules/User/user.service.go:83.51,84.94 1 0
libraryManagement/app/modules/User/user.service.go:84.94,86.4 1 0
libraryManagement/app/modules/User/user.service.go:88.3,91.13 3 0
libraryManagement/app/modules/User/user.service.go:93.2,93.19 1 0
libraryManagement/app/modules/User/user.service.go:93.19,96.3 2 0
libraryManagement/app/modules/User/user.service.go:97.2,97.12 1 0
libraryManagement/app/modules/auth/auth.controller.go:19.53,23.2 2 0
libraryManagement/app/modules/auth/auth.controller.go:25.49,27.56 2 0
libraryManagement/app/modules/auth/auth.controller.go:27.56,31.3 2 0
libraryManagement/app/modules/auth/auth.controller.go:32.2,32.57 1 0
libraryManagement/app/modules/auth/auth.controller.go:32.57,36.3 2 0
libraryManagement/app/modules/auth/auth.controller.go:37.2,38.16 2 0
libraryManagement/app/modules/auth/auth.controller.go:38.16,42.3 2 0
libraryManagement/app/modules/auth/auth.controller.go:43.2,46.69 3 0
libraryManagement/app/modules/auth/auth.controller.go:49.57,53.48 2 0
libraryManagement/app/modules/auth/auth.controller.go:53.48,58.3 3 0
libraryManagement/app/modules/auth/auth.controller.go:59.2,60.16 2 0
libraryManagement/app/modules/auth/auth.controller.go:60.16,63.3 1 0
libraryManagement/app/modules/auth/auth.controller.go:64.2,64.57 1 0
libraryManagement/app/modules/auth/auth.controller.go:64.57,67.3 2 0
libraryManagement/app/modules/auth/auth.controller.go:68.2,73.17 5 0
libraryManagement/app/modules/auth/auth.controller.go:73.17,78.3 2 0
libraryManagement/app/modules/auth/auth.controller.go:79.2,79.73 1 0
libraryManagement/app/modules/auth/auth.controller.go:83.50,86.16 3 0
libraryManagement/app/modules/auth/auth.controller.go:86.16,90.3 2 0
libraryManagement/app/modules/auth/auth.controller.go:91.2,91.57 1 0
libraryManagement/app/modules/auth/auth.controller.go:91.57,96.3 2 0
libraryManagement/app/modules/auth/auth.controller.go:98.2,99.16 2 0
libraryManagement/app/modules/auth/auth.controller.go:99.16,102.3 1 0
libraryManagement/app/modules/auth/auth.controller.go:103.2,108.17 4 0
libraryManagement/app/modules/auth/auth.controller.go:108.17,111.3 2 0
libraryManagement/app/modules/auth/auth.controller.go:112.2,112.73 1 0
libraryManagement/app/modules/auth/auth.helper.go:10.64,14.2 2 0
libraryManagement/app/modules/auth/auth.helper.go:16.72,18.101 2 0
libraryManagement/app/modules/auth/auth.helper.go:18.101,20.3 1 0
libraryManagement/app/modules/auth/auth.helper.go:21.2,21.12 1 0
libraryManagement/app/modules/auth/auth.router.go:10.60,15.2 4 0
libraryManagement/app/modules/auth/auth.router.go:15.2,19.53 4 0
libraryManagement/app/modules/auth/auth.router.go:19.54,19.55 0 0
libraryManagement/app/modules/auth/auth.service.go:17.102,24.25 7 0
libraryManagement/app/modules/auth/auth.service.go:24.25,27.3 1 0
libraryManagement/app/modules/auth/auth.service.go:29.2,29.62 1 0
libraryManagement/app/modules/auth/auth.service.go:29.62,32.3 1 0
libraryManagement/app/modules/auth/auth.service.go:33.2,36.44 2 0
libraryManagement/app/modules/auth/auth.service.go:39.90,45.85 2 0
libraryManagement/app/modules/auth/auth.service.go:45.85,48.3 1 0
libraryManagement/app/modules/auth/auth.service.go:49.2,49.86 1 0
libraryManagement/app/modules/auth/auth.service.go:49.86,51.3 1 0
libraryManagement/app/modules/auth/auth.service.go:52.2,52.103 1 0
libraryManagement/app/modules/auth/auth.service.go:52.103,54.3 1 0
libraryManagement/app/modules/auth/auth.service.go:56.2,56.48 1 0
libraryManagement/app/modules/auth/auth.service.go:56.48,58.48 1 0
libraryManagement/app/modules/auth/auth.service.go:58.48,60.4 1 0
libraryManagement/app/modules/auth/auth.service.go:62.3,62.48 1 0
libraryManagement/app/modules/auth/auth.service.go:62.48,64.4 1 0
libraryManagement/app/modules/auth/auth.service.go:65.3,65.13 1 0
libraryManagement/app/modules/auth/auth.service.go:67.2,68.16 2 0
libraryManagement/app/modules/auth/auth.service.go:68.16,71.3 1 0
libraryManagement/app/modules/auth/auth.service.go:72.2,72.12 1 0
libraryManagement/app/modules/auth/auth.service.go:76.121,81.126 4 0
libraryManagement/app/modules/auth/auth.service.go:81.126,83.3 1 0
libraryManagement/app/modules/auth/auth.service.go:85.2,86.90 2 0
libraryManagement/app/modules/auth/auth.service.go:86.90,88.3 1 0
libraryManagement/app/modules/auth/auth.service.go:90.2,90.48 1 0
libraryManagement/app/modules/auth/auth.service.go:90.48,94.48 3 0
libraryManagement/app/modules/auth/auth.service.go:94.48,96.4 1 0
libraryManagement/app/modules/auth/auth.service.go:98.3,98.48 1 0
libraryManagement/app/modules/auth/auth.service.go:98.48,100.4 1 0
libraryManagement/app/modules/auth/auth.service.go:102.3,102.13 1 0
libraryManagement/app/modules/auth/auth.service.go:104.2,104.16 1 0
libraryManagement/app/modules/auth/auth.service.go:104.16,106.3 1 0
libraryManagement/app/modules/auth/auth.service.go:107.2,107.12 1 0
libraryManagement/app/modules/issueRegistery/issueRegistery.controller.go:15.71,19.2 2 0
libraryManagement/app/modules/issueRegistery/issueRegistery.controller.go:21.64,25.16 3 0
libraryManagement/app/modules/issueRegistery/issueRegistery.controller.go:25.16,28.3 2 0
libraryManagement/app/modules/issueRegistery/issueRegistery.controller.go:29.2,30.78 2 0
libraryManagement/app/modules/issueRegistery/issueRegistery.router.go:10.69,15.2 3 0
libraryManagement/app/modules/issueRegistery/issueRegistery.router.go:15.2,20.3 2 0
libraryManagement/app/modules/issueRegistery/issueRegistery.service.go:18.157,26.49 5 0
libraryManagement/app/modules/issueRegistery/issueRegistery.service.go:26.49,29.3 1 0
libraryManagement/app/modules/issueRegistery/issueRegistery.service.go:30.2,30.29 1 0
libraryManagement/app/modules/issueRegistery/issueRegistery.service.go:30.29,33.3 1 0
libraryManagement/app/modules/issueRegistery/issueRegistery.service.go:34.2,44.55 3 0
libraryManagement/app/modules/issueRegistery/issueRegistery.service.go:44.55,47.3 1 0
libraryManagement/app/modules/issueRegistery/issueRegistery.service.go:48.2,49.12 2 0
libraryManagement/app/modules/issueRegistery/issueRegistery.service.go:52.136,57.25 4 0
libraryManagement/app/modules/issueRegistery/issueRegistery.service.go:57.25,59.3 1 0
libraryManagement/app/modules/issueRegistery/issueRegistery.service.go:60.2,62.21 2 0
libraryManagement/app/modules/issueRegistery/issueRegistery.service.go:65.120,70.63 3 0
libraryManagement/app/modules/issueRegistery/issueRegistery.service.go:70.63,73.3 1 0
libraryManagement/app/modules/issueRegistery/issueRegistery.service.go:74.2,74.20 1 0
libraryManagement/app/modules/requestEvent/requestEvent.controller.go:21.69,24.2 2 0
libraryManagement/app/modules/requestEvent/requestEvent.controller.go:26.62,32.56 4 0
libraryManagement/app/modules/requestEvent/requestEvent.controller.go:32.56,36.3 3 0
libraryManagement/app/modules/requestEvent/requestEvent.controller.go:37.2,40.16 3 0
libraryManagement/app/modules/requestEvent/requestEvent.controller.go:40.16,44.3 2 0
libraryManagement/app/modules/requestEvent/requestEvent.controller.go:45.2,45.73 1 0
libraryManagement/app/modules/requestEvent/requestEvent.controller.go:49.65,55.16 4 0
libraryManagement/app/modules/requestEvent/requestEvent.controller.go:55.16,58.3 2 0
libraryManagement/app/modules/requestEvent/requestEvent.controller.go:59.2,59.83 1 0
libraryManagement/app/modules/requestEvent/requestEvent.controller.go:62.62,66.12 3 0
libraryManagement/app/modules/requestEvent/requestEvent.controller.go:66.12,68.3 1 0
libraryManagement/app/modules/requestEvent/requestEvent.controller.go:69.2,70.16 2 0
libraryManagement/app/modules/requestEvent/requestEvent.controller.go:70.16,73.3 2 0
libraryManagement/app/modules/requestEvent/requestEvent.controller.go:74.2,74.81 1 0
libraryManagement/app/modules/requestEvent/requestEvent.controller.go:77.65,83.12 4 0
libraryManagement/app/modules/requestEvent/requestEvent.controller.go:83.12,86.3 2 0
libraryManagement/app/modules/requestEvent/requestEvent.controller.go:87.2,89.118 2 0
libraryManagement/app/modules/requestEvent/requestEvent.controller.go:89.118,92.3 2 0
libraryManagement/app/modules/requestEvent/requestEvent.controller.go:94.2,95.16 2 0
libraryManagement/app/modules/requestEvent/requestEvent.controller.go:95.16,98.3 2 0
libraryManagement/app/modules/requestEvent/requestEvent.controller.go:99.2,99.73 1 0
libraryManagement/app/modules/requestEvent/requestEvent.controller.go:103.67,109.16 3 0
libraryManagement/app/modules/requestEvent/requestEvent.controller.go:109.16,112.3 2 0
libraryManagement/app/modules/requestEvent/requestEvent.controller.go:113.2,113.83 1 0
libraryManagement/app/modules/requestEvent/requestEvent.controller.go:117.65,120.12 3 0
libraryManagement/app/modules/requestEvent/requestEvent.controller.go:120.12,124.3 2 0
libraryManagement/app/modules/requestEvent/requestEvent.controller.go:125.2,125.71 1 0
libraryManagement/app/modules/requestEvent/requestEvent.controller.go:125.71,128.3 2 0
libraryManagement/app/modules/requestEvent/requestEvent.controller.go:129.2,129.76 1 0
libraryManagement/app/modules/requestEvent/requestEvent.router.go:11.68,15.2 4 0
libraryManagement/app/modules/requestEvent/requestEvent.router.go:15.2,24.3 7 0
libraryManagement/app/modules/requestEvent/requestEvent.service.go:24.121,28.55 2 0
libraryManagement/app/modules/requestEvent/requestEvent.service.go:28.55,30.3 1 0
libraryManagement/app/modules/requestEvent/requestEvent.service.go:32.2,33.103 2 0
libraryManagement/app/modules/requestEvent/requestEvent.service.go:33.103,35.3 1 0
libraryManagement/app/modules/requestEvent/requestEvent.service.go:36.2,37.44 2 0
libraryManagement/app/modules/requestEvent/requestEvent.service.go:37.44,39.38 2 0
libraryManagement/app/modules/requestEvent/requestEvent.service.go:39.38,42.4 1 0
libraryManagement/app/modules/requestEvent/requestEvent.service.go:44.8,47.38 2 0
libraryManagement/app/modules/requestEvent/requestEvent.service.go:47.38,49.4 1 0
libraryManagement/app/modules/requestEvent/requestEvent.service.go:50.3,52.38 2 0
libraryManagement/app/modules/requestEvent/requestEvent.service.go:52.38,54.4 1 0
libraryManagement/app/modules/requestEvent/requestEvent.service.go:55.3,55.118 1 0
libraryManagement/app/modules/requestEvent/requestEvent.service.go:55.118,58.4 1 0
libraryManagement/app/modules/requestEvent/requestEvent.service.go:61.2,62.27 2 0
libraryManagement/app/modules/requestEvent/requestEvent.service.go:62.27,64.3 1 0
libraryManagement/app/modules/requestEvent/requestEvent.service.go:65.2,65.12 1 0
libraryManagement/app/modules/requestEvent/requestEvent.service.go:68.124,76.25 5 0
libraryManagement/app/modules/requestEvent/requestEvent.service.go:76.25,78.3 1 0
libraryManagement/app/modules/requestEvent/requestEvent.service.go:79.2,79.22 1 0
libraryManagement/app/modules/requestEvent/requestEvent.service.go:81.120,88.27 5 0
libraryManagement/app/modules/requestEvent/requestEvent.service.go:88.27,89.93 1 0
libraryManagement/app/modules/requestEvent/requestEvent.service.go:89.93,91.4 1 0
libraryManagement/app/modules/requestEvent/requestEvent.service.go:92.8,92.65 1 0
libraryManagement/app/modules/requestEvent/requestEvent.service.go:92.65,94.3 1 0
libraryManagement/app/modules/requestEvent/requestEvent.service.go:96.37,98.3 1 0
libraryManagement/app/modules/requestEvent/requestEvent.service.go:101.2,101.41 1 0
libraryManagement/app/modules/requestEvent/requestEvent.service.go:101.41,103.3 1 0
libraryManagement/app/modules/requestEvent/requestEvent.service.go:105.2,105.22 1 0
libraryManagement/app/modules/requestEvent/requestEvent.service.go:108.126,117.82 7 0
libraryManagement/app/modules/requestEvent/requestEvent.service.go:117.82,120.3 1 0
libraryManagement/app/modules/requestEvent/requestEvent.service.go:121.2,121.41 1 0
libraryManagement/app/modules/requestEvent/requestEvent.service.go:121.41,123.3 1 0
libraryManagement/app/modules/requestEvent/requestEvent.service.go:125.2,125.48 1 0
libraryManagement/app/modules/requestEvent/requestEvent.service.go:125.48,128.26 2 0
libraryManagement/app/modules/requestEvent/requestEvent.service.go:128.26,131.4 2 0
libraryManagement/app/modules/requestEvent/requestEvent.service.go:132.3,132.36 1 0
libraryManagement/app/modules/requestEvent/requestEvent.service.go:132.36,134.80 1 0
libraryManagement/app/modules/requestEvent/requestEvent.service.go:134.80,136.5 1 0
libraryManagement/app/modules/requestEvent/requestEvent.service.go:138.4,138.39 1 0
libraryManagement/app/modules/requestEvent/requestEvent.service.go:138.39,139.93 1 0
libraryManagement/app/modules/requestEvent/requestEvent.service.go:139.93,141.6 1 0
libraryManagement/app/modules/requestEvent/requestEvent.service.go:142.5,142.112 1 0
libraryManagement/app/modules/requestEvent/requestEvent.service.go:144.10,144.45 1 0
libraryManagement/app/modules/requestEvent/requestEvent.service.go:144.45,145.126 1 0
libraryManagement/app/modules/requestEvent/requestEvent.service.go:145.126,147.6 1 0
libraryManagement/app/modules/requestEvent/requestEvent.service.go:148.5,149.112 2 0
libraryManagement/app/modules/requestEvent/requestEvent.service.go:152.3,152.13 1 0
libraryManagement/app/modules/requestEvent/requestEvent.service.go:155.2,155.12 1 0
libraryManagement/app/modules/requestEvent/requestEvent.service.go:158.104,163.78 3 0
libraryManagement/app/modules/requestEvent/requestEvent.service.go:163.78,165.3 1 0
libraryManagement/app/modules/requestEvent/requestEvent.service.go:169.2,170.22 2 0
libraryManagement/app/modules/requestEvent/requestEvent.service.go:174.96,179.74 4 0
libraryManagement/app/modules/requestEvent/requestEvent.service.go:179.74,182.3 1 0
libraryManagement/app/modules/requestEvent/requestEvent.service.go:183.2,184.41 2 0
libraryManagement/app/modules/requestEvent/requestEvent.service.go:184.41,186.3 1 0
libraryManagement/app/modules/requestEvent/requestEvent.service.go:187.2,188.12 2 0
libraryManagement/app/modules/requestEvent/requestEvent.service.go:191.87,193.119 1 0
libraryManagement/app/modules/requestEvent/requestEvent.service.go:193.119,195.3 1 0
libraryManagement/app/modules/requestEvent/requestEvent.service.go:196.2,196.13 1 0
libraryManagement/app/modules/requestEvent/requestEvent.service.go:199.123,203.2 3 0
libraryManagement/app/modules/requestEvent/requestEvent.service.go:205.104,209.2 3 0
libraryManagement/app/routes/router.go:17.56,27.2 7 0
libraryManagement/config/env.go:9.13,11.2 1 0
libraryManagement/config/env.go:12.30,14.2 1 0
libraryManagement/docs/docs.go:43.13,45.2 1 0
libraryManagement/internal/database/database.go:12.14,14.2 0 0
libraryManagement/internal/database/database.go:16.33,22.16 3 0
libraryManagement/internal/database/database.go:22.16,24.3 1 0
libraryManagement/internal/database/database.go:25.2,27.16 2 0
libraryManagement/internal/database/database.go:27.16,31.3 2 0
libraryManagement/internal/database/database.go:32.2,32.16 1 0
libraryManagement/utility/errorss/errors.go:12.35,14.2 1 0
libraryManagement/utility/errorss/errors.go:16.50,18.2 1 0
libraryManagement/utility/errorss/errors.go:20.52,22.2 1 0
libraryManagement/utility/errorss/errors.go:24.61,26.2 1 0
libraryManagement/utility/errorss/errors.go:28.53,30.2 1 0
libraryManagement/utility/errorss/errors.go:31.51,33.2 1 0
libraryManagement/validators/customValidaors.go:14.13,21.2 6 0
libraryManagement/validators/customValidaors.go:23.49,27.2 3 0
libraryManagement/validators/customValidaors.go:28.53,30.23 2 0
libraryManagement/validators/customValidaors.go:30.23,32.3 1 0
libraryManagement/validators/customValidaors.go:35.2,36.15 2 0
libraryManagement/validators/customValidaors.go:36.15,38.3 1 0
libraryManagement/validators/customValidaors.go:41.2,42.15 2 0
libraryManagement/validators/customValidaors.go:42.15,44.3 1 0
libraryManagement/validators/customValidaors.go:47.2,48.15 2 0
libraryManagement/validators/customValidaors.go:48.15,50.3 1 0
libraryManagement/validators/customValidaors.go:53.2,55.17 2 0
libraryManagement/validators/customValidaors.go:55.17,57.3 1 0
libraryManagement/validators/customValidaors.go:60.2,60.13 1 0
libraryManagement/validators/customValidaors.go:63.56,67.2 2 0
libraryManagement/validators/customValidaors.go:70.48,74.2 2 0
libraryManagement/validators/customValidaors.go:76.54,83.26 5 0
libraryManagement/validators/customValidaors.go:83.26,85.3 1 0
libraryManagement/validators/customValidaors.go:86.2,86.24 1 0
libraryManagement/validators/customValidaors.go:86.24,88.3 1 0
libraryManagement/validators/customValidaors.go:89.2,89.22 1 0
libraryManagement/validators/customValidaors.go:89.22,91.3 1 0
libraryManagement/validators/customValidaors.go:92.2,93.61 2 0
libraryManagement/utility/encyption.go:5.52,8.16 2 0
libraryManagement/utility/encyption.go:8.16,10.3 1 0
libraryManagement/utility/encyption.go:11.2,11.27 1 0
libraryManagement/utility/encyption.go:14.49,17.16 2 0
libraryManagement/utility/encyption.go:17.16,19.3 1 0
libraryManagement/utility/encyption.go:20.2,20.13 1 0
libraryManagement/utility/jwt.go:17.57,24.16 4 0
libraryManagement/utility/jwt.go:24.16,26.3 1 0
libraryManagement/utility/jwt.go:27.2,27.25 1 0
libraryManagement/utility/jwt.go:30.58,33.79 2 0
libraryManagement/utility/jwt.go:33.79,35.3 1 0
libraryManagement/utility/jwt.go:36.2,36.16 1 0
libraryManagement/utility/jwt.go:36.16,38.3 1 0
libraryManagement/utility/jwt.go:40.2,40.18 1 0
libraryManagement/utility/jwt.go:40.18,42.3 1 0
libraryManagement/utility/jwt.go:44.2,44.19 1 0
libraryManagement/utility/sendResponse.go:7.114,13.18 2 0
libraryManagement/utility/sendResponse.go:13.18,15.3 1 0
libraryManagement/utility/sendResponse.go:16.2,16.17 1 0
libraryManagement/utility/sendResponse.go:16.17,18.3 1 0
libraryManagement/utility/sendResponse.go:20.2,20.30 1 0
libraryManagement/utility/shared.go:14.51,20.2 5 0
libraryManagement/utility/shared.go:22.53,26.2 3 0
libraryManagement/utility/shared.go:27.59,30.17 3 0
libraryManagement/utility/shared.go:30.17,32.3 1 0
libraryManagement/utility/shared.go:33.2,33.28 1 0
libraryManagement/app/middleware/index.go:16.56,17.30 1 1
libraryManagement/app/middleware/index.go:17.30,22.67 5 1
libraryManagement/app/middleware/index.go:22.67,26.4 3 1
libraryManagement/app/middleware/index.go:28.3,30.18 3 1
libraryManagement/app/middleware/index.go:30.18,34.4 3 1
libraryManagement/app/middleware/index.go:35.3,36.17 2 1
libraryManagement/app/middleware/index.go:36.17,41.4 4 0
libraryManagement/app/middleware/index.go:42.3,48.26 6 1
libraryManagement/app/middleware/index.go:48.26,52.4 3 0
libraryManagement/app/middleware/index.go:53.3,54.27 2 1
libraryManagement/app/middleware/index.go:59.46,61.30 1 1
libraryManagement/app/middleware/index.go:61.30,66.67 3 1
libraryManagement/app/middleware/index.go:66.67,70.4 3 0
libraryManagement/app/middleware/index.go:71.3,74.17 4 1
libraryManagement/app/middleware/index.go:74.17,79.4 3 0
libraryManagement/app/middleware/index.go:80.3,92.27 9 1
libraryManagement/app/middleware/index.go:92.27,94.17 1 1
libraryManagement/app/middleware/index.go:94.17,97.10 2 1
libraryManagement/app/middleware/index.go:101.3,102.17 2 1
libraryManagement/app/middleware/index.go:102.17,108.4 5 1
libraryManagement/app/middleware/index.go:110.3,110.11 1 1
libraryManagement/app/modules/Book/book.controller.go:21.53,24.2 2 1
libraryManagement/app/modules/Book/book.controller.go:26.51,32.48 4 1
libraryManagement/app/modules/Book/book.controller.go:32.48,35.3 2 0
libraryManagement/app/modules/Book/book.controller.go:36.2,36.57 1 1
libraryManagement/app/modules/Book/book.controller.go:36.57,40.3 3 1
libraryManagement/app/modules/Book/book.controller.go:41.2,43.16 3 1
libraryManagement/app/modules/Book/book.controller.go:43.16,46.3 2 1
libraryManagement/app/modules/Book/book.controller.go:47.2,47.68 1 1
libraryManagement/app/modules/Book/book.controller.go:50.63,54.12 3 1
libraryManagement/app/modules/Book/book.controller.go:54.12,57.3 2 1
libraryManagement/app/modules/Book/book.controller.go:59.2,60.16 2 1
libraryManagement/app/modules/Book/book.controller.go:60.16,64.3 2 0
libraryManagement/app/modules/Book/book.controller.go:66.2,68.22 2 1
libraryManagement/app/modules/Book/book.controller.go:68.22,71.3 2 1
libraryManagement/app/modules/Book/book.controller.go:72.2,72.67 1 1
libraryManagement/app/modules/Book/book.controller.go:76.54,82.16 4 1
libraryManagement/app/modules/Book/book.controller.go:82.16,85.3 2 0
libraryManagement/app/modules/Book/book.controller.go:86.2,86.74 1 1
libraryManagement/app/modules/Book/book.controller.go:90.66,93.12 3 1
libraryManagement/app/modules/Book/book.controller.go:93.12,96.3 2 1
libraryManagement/app/modules/Book/book.controller.go:98.2,98.78 1 1
libraryManagement/app/modules/Book/book.controller.go:98.78,101.3 2 1
libraryManagement/app/modules/Book/book.controller.go:102.2,102.104 1 1
libraryManagement/app/modules/Book/book.controller.go:105.66,110.63 3 1
libraryManagement/app/modules/Book/book.controller.go:110.63,113.3 2 0
libraryManagement/app/modules/Book/book.controller.go:114.2,116.12 3 1
libraryManagement/app/modules/Book/book.controller.go:116.12,119.3 2 1
libraryManagement/app/modules/Book/book.controller.go:120.2,120.45 1 1
libraryManagement/app/modules/Book/book.controller.go:120.45,124.3 2 0
libraryManagement/app/modules/Book/book.controller.go:125.2,125.12 1 1
libraryManagement/app/modules/Book/book.controller.go:125.12,128.3 2 0
libraryManagement/app/modules/Book/book.controller.go:129.2,132.16 3 1
libraryManagement/app/modules/Book/book.controller.go:132.16,135.3 2 1
libraryManagement/app/modules/Book/book.controller.go:136.2,136.36 1 1
libraryManagement/app/modules/Book/book.controller.go:136.36,139.3 2 1
libraryManagement/app/modules/Book/book.controller.go:141.2,141.91 1 1
libraryManagement/app/modules/Book/book.controller.go:141.91,144.3 2 0
libraryManagement/app/modules/Book/book.controller.go:145.2,145.65 1 1
libraryManagement/app/modules/Book/book.controller.go:148.70,153.16 4 1
libraryManagement/app/modules/Book/book.controller.go:153.16,156.3 1 0
libraryManagement/app/modules/Book/book.controller.go:157.2,157.62 1 1
libraryManagement/app/modules/Book/book.controller.go:160.55,164.51 3 1
libraryManagement/app/modules/Book/book.controller.go:164.51,169.3 4 0
libraryManagement/app/modules/Book/book.controller.go:170.2,171.16 2 1
libraryManagement/app/modules/Book/book.controller.go:171.16,174.3 2 1
libraryManagement/app/modules/Book/book.controller.go:175.2,175.73 1 1
libraryManagement/app/modules/Book/book.controller.go:178.51,182.2 3 0
libraryManagement/app/modules/Book/book.controller.go:184.53,188.2 3 1
libraryManagement/app/modules/Book/book.controller.go:189.59,192.17 3 1
libraryManagement/app/modules/Book/book.controller.go:192.17,194.3 1 1
libraryManagement/app/modules/Book/book.controller.go:195.2,195.28 1 1
libraryManagement/app/modules/Book/book.router.go:11.60,15.2 4 1
libraryManagement/app/modules/Book/book.router.go:15.2,25.3 8 1
libraryManagement/app/modules/Book/book.service.go:22.106,30.46 2 1
libraryManagement/app/modules/Book/book.service.go:30.46,32.3 1 1
libraryManagement/app/modules/Book/book.service.go:34.2,37.38 4 1
libraryManagement/app/modules/Book/book.service.go:37.38,42.33 4 1
libraryManagement/app/modules/Book/book.service.go:42.33,45.4 2 0
libraryManagement/app/modules/Book/book.service.go:46.3,46.13 1 1
libraryManagement/app/modules/Book/book.service.go:48.2,49.47 2 1
libraryManagement/app/modules/Book/book.service.go:49.47,51.3 1 0
libraryManagement/app/modules/Book/book.service.go:53.2,53.12 1 1
libraryManagement/app/modules/Book/book.service.go:56.115,61.70 4 1
libraryManagement/app/modules/Book/book.service.go:61.70,63.3 1 0
libraryManagement/app/modules/Book/book.service.go:64.2,64.27 1 1
libraryManagement/app/modules/Book/book.service.go:64.27,67.62 1 1
libraryManagement/app/modules/Book/book.service.go:67.62,69.4 1 0
libraryManagement/app/modules/Book/book.service.go:70.3,70.20 1 1
libraryManagement/app/modules/Book/book.service.go:73.2,74.29 2 1
libraryManagement/app/modules/Book/book.service.go:74.29,77.3 2 0
libraryManagement/app/modules/Book/book.service.go:78.2,78.19 1 1
libraryManagement/app/modules/Book/book.service.go:81.94,85.102 3 1
libraryManagement/app/modules/Book/book.service.go:85.102,87.3 1 1
libraryManagement/app/modules/Book/book.service.go:89.2,89.22 1 1
libraryManagement/app/modules/Book/book.service.go:93.118,97.101 3 1
libraryManagement/app/modules/Book/book.service.go:97.101,99.3 1 0
libraryManagement/app/modules/Book/book.service.go:101.2,101.68 1 1
libraryManagement/app/modules/Book/book.service.go:101.68,104.3 2 0
libraryManagement/app/modules/Book/book.service.go:106.2,107.43 1 1
libraryManagement/app/modules/Book/book.service.go:107.43,110.3 1 0
libraryManagement/app/modules/Book/book.service.go:112.2,112.12 1 1
libraryManagement/app/modules/Book/book.service.go:115.83,117.76 2 1
libraryManagement/app/modules/Book/book.service.go:117.76,120.3 2 0
libraryManagement/app/modules/Book/book.service.go:121.2,121.68 1 1
libraryManagement/app/modules/Book/book.service.go:121.68,123.3 1 1
libraryManagement/app/modules/Book/book.service.go:125.2,127.30 3 1
libraryManagement/app/modules/Book/book.service.go:127.30,130.3 2 1
libraryManagement/app/modules/Book/book.service.go:130.8,130.62 1 1
libraryManagement/app/modules/Book/book.service.go:130.62,132.3 1 0
libraryManagement/app/modules/Book/book.service.go:132.8,132.34 1 1
libraryManagement/app/modules/Book/book.service.go:132.34,134.3 1 1
libraryManagement/app/modules/Book/book.service.go:136.2,136.195 1 1
libraryManagement/app/modules/Book/book.service.go:136.195,139.3 2 0
libraryManagement/app/modules/Book/book.service.go:141.2,144.12 3 1
libraryManagement/app/modules/Book/book.service.go:148.120,158.25 6 1
libraryManagement/app/modules/Book/book.service.go:158.25,160.3 1 0
libraryManagement/app/modules/Book/book.service.go:162.2,162.25 1 1
libraryManagement/app/modules/Book/book.service.go:165.132,172.25 5 1
libraryManagement/app/modules/Book/book.service.go:172.25,175.3 1 0
libraryManagement/app/modules/Book/book.service.go:176.2,176.29 1 1
libraryManagement/app/modules/Book/book.service.go:176.29,180.3 1 1
libraryManagement/app/modules/Book/book.service.go:181.2,181.27 1 1
libraryManagement/app/modules/User/user.controller.go:20.53,24.2 2 1
libraryManagement/app/modules/User/user.controller.go:26.55,28.2 0 0
libraryManagement/app/modules/User/user.controller.go:30.51,32.12 2 1
libraryManagement/app/modules/User/user.controller.go:32.12,35.3 2 0
libraryManagement/app/modules/User/user.controller.go:36.2,39.16 4 1
libraryManagement/app/modules/User/user.controller.go:39.16,43.3 2 1
libraryManagement/app/modules/User/user.controller.go:44.2,44.71 1 1
libraryManagement/app/modules/User/user.controller.go:46.54,51.16 4 1
libraryManagement/app/modules/User/user.controller.go:51.16,56.3 2 0
libraryManagement/app/modules/User/user.controller.go:57.2,57.77 1 1
libraryManagement/app/modules/User/user.controller.go:59.53,65.55 6 1
libraryManagement/app/modules/User/user.controller.go:65.55,69.3 3 0
libraryManagement/app/modules/User/user.controller.go:71.2,72.16 2 1
libraryManagement/app/modules/User/user.controller.go:72.16,76.3 2 1
libraryManagement/app/modules/User/user.controller.go:77.2,77.81 1 1
libraryManagement/app/modules/User/user.controller.go:80.54,87.16 6 1
libraryManagement/app/modules/User/user.controller.go:87.16,90.3 2 1
libraryManagement/app/modules/User/user.controller.go:91.2,91.70 1 1
libraryManagement/app/modules/User/user.router.go:10.60,13.2 3 1
libraryManagement/app/modules/User/user.router.go:13.2,21.3 6 1
libraryManagement/app/modules/User/user.service.go:15.119,20.26 5 1
libraryManagement/app/modules/User/user.service.go:20.26,21.16 1 1
libraryManagement/app/modules/User/user.service.go:21.16,23.4 1 1
libraryManagement/app/modules/User/user.service.go:25.2,25.14 1 1
libraryManagement/app/modules/User/user.service.go:25.14,27.3 1 1
libraryManagement/app/modules/User/user.service.go:28.2,28.23 1 1
libraryManagement/app/modules/User/user.service.go:28.23,30.3 1 0
libraryManagement/app/modules/User/user.service.go:31.2,31.95 1 1
libraryManagement/app/modules/User/user.service.go:31.95,33.3 1 1
libraryManagement/app/modules/User/user.service.go:34.2,35.12 2 1
libraryManagement/app/modules/User/user.service.go:38.99,42.97 3 1
libraryManagement/app/modules/User/user.service.go:42.97,44.3 1 0
libraryManagement/app/modules/User/user.service.go:45.2,45.19 1 1
libraryManagement/app/modules/User/user.service.go:48.105,52.25 4 1
libraryManagement/app/modules/User/user.service.go:52.25,54.3 1 0
libraryManagement/app/modules/User/user.service.go:55.2,55.79 1 1
libraryManagement/app/modules/User/user.service.go:55.79,57.3 1 1
libraryManagement/app/modules/User/user.service.go:58.2,59.50 2 1
libraryManagement/app/modules/User/user.service.go:59.50,61.121 2 1
libraryManagement/app/modules/User/user.service.go:61.121,63.4 1 1
libraryManagement/app/modules/User/user.service.go:64.3,64.22 1 1
libraryManagement/app/modules/User/user.service.go:66.2,66.24 1 1
libraryManagement/app/modules/User/user.service.go:66.24,68.3 1 1
libraryManagement/app/modules/User/user.service.go:68.8,70.3 1 0
libraryManagement/app/modules/User/user.service.go:74.96,77.23 3 1
libraryManagement/app/modules/User/user.service.go:77.23,79.3 1 0
libraryManagement/app/modules/User/user.service.go:80.2,80.68 1 1
libraryManagement/app/modules/User/user.service.go:80.68,82.3 1 0
libraryManagement/app/modules/User/user.service.go:83.2,83.51 1 1
libraryManagement/app/modules/User/user.service.go:83.51,84.94 1 1
libraryManagement/app/modules/User/user.service.go:84.94,86.4 1 1
libraryManagement/app/modules/User/user.service.go:88.3,91.13 3 1
libraryManagement/app/modules/User/user.service.go:93.2,93.19 1 1
libraryManagement/app/modules/User/user.service.go:93.19,96.3 2 1
libraryManagement/app/modules/User/user.service.go:97.2,97.12 1 1
libraryManagement/app/modules/auth/auth.controller.go:19.53,23.2 2 1
libraryManagement/app/modules/auth/auth.controller.go:25.49,27.56 2 1
libraryManagement/app/modules/auth/auth.controller.go:27.56,31.3 2 1
libraryManagement/app/modules/auth/auth.controller.go:32.2,32.57 1 1
libraryManagement/app/modules/auth/auth.controller.go:32.57,36.3 2 1
libraryManagement/app/modules/auth/auth.controller.go:37.2,38.16 2 1
libraryManagement/app/modules/auth/auth.controller.go:38.16,42.3 2 1
libraryManagement/app/modules/auth/auth.controller.go:43.2,46.69 3 1
libraryManagement/app/modules/auth/auth.controller.go:49.57,53.48 2 1
libraryManagement/app/modules/auth/auth.controller.go:53.48,58.3 3 1
libraryManagement/app/modules/auth/auth.controller.go:59.2,60.16 2 1
libraryManagement/app/modules/auth/auth.controller.go:60.16,63.3 1 0
libraryManagement/app/modules/auth/auth.controller.go:64.2,64.57 1 1
libraryManagement/app/modules/auth/auth.controller.go:64.57,67.3 2 1
libraryManagement/app/modules/auth/auth.controller.go:68.2,73.17 5 1
libraryManagement/app/modules/auth/auth.controller.go:73.17,78.3 2 0
libraryManagement/app/modules/auth/auth.controller.go:79.2,79.73 1 1
libraryManagement/app/modules/auth/auth.controller.go:83.50,86.16 3 1
libraryManagement/app/modules/auth/auth.controller.go:86.16,90.3 2 1
libraryManagement/app/modules/auth/auth.controller.go:91.2,91.57 1 1
libraryManagement/app/modules/auth/auth.controller.go:91.57,96.3 2 0
libraryManagement/app/modules/auth/auth.controller.go:98.2,99.16 2 1
libraryManagement/app/modules/auth/auth.controller.go:99.16,102.3 1 0
libraryManagement/app/modules/auth/auth.controller.go:103.2,108.17 4 1
libraryManagement/app/modules/auth/auth.controller.go:108.17,111.3 2 1
libraryManagement/app/modules/auth/auth.controller.go:112.2,112.73 1 1
libraryManagement/app/modules/auth/auth.helper.go:10.64,14.2 2 1
libraryManagement/app/modules/auth/auth.helper.go:16.72,18.101 2 1
libraryManagement/app/modules/auth/auth.helper.go:18.101,20.3 1 1
libraryManagement/app/modules/auth/auth.helper.go:21.2,21.12 1 1
libraryManagement/app/modules/auth/auth.router.go:10.60,15.2 4 1
libraryManagement/app/modules/auth/auth.router.go:15.2,19.53 4 1
libraryManagement/app/modules/auth/auth.router.go:19.54,19.55 0 0
libraryManagement/app/modules/auth/auth.service.go:17.102,24.25 7 1
libraryManagement/app/modules/auth/auth.service.go:24.25,27.3 1 1
libraryManagement/app/modules/auth/auth.service.go:29.2,29.62 1 1
libraryManagement/app/modules/auth/auth.service.go:29.62,32.3 1 0
libraryManagement/app/modules/auth/auth.service.go:33.2,36.44 2 1
libraryManagement/app/modules/auth/auth.service.go:39.90,45.85 2 1
libraryManagement/app/modules/auth/auth.service.go:45.85,48.3 1 1
libraryManagement/app/modules/auth/auth.service.go:49.2,49.86 1 1
libraryManagement/app/modules/auth/auth.service.go:49.86,51.3 1 1
libraryManagement/app/modules/auth/auth.service.go:52.2,52.103 1 1
libraryManagement/app/modules/auth/auth.service.go:52.103,54.3 1 0
libraryManagement/app/modules/auth/auth.service.go:56.2,56.48 1 1
libraryManagement/app/modules/auth/auth.service.go:56.48,58.48 1 1
libraryManagement/app/modules/auth/auth.service.go:58.48,60.4 1 0
libraryManagement/app/modules/auth/auth.service.go:62.3,62.48 1 1
libraryManagement/app/modules/auth/auth.service.go:62.48,64.4 1 0
libraryManagement/app/modules/auth/auth.service.go:65.3,65.13 1 1
libraryManagement/app/modules/auth/auth.service.go:67.2,68.16 2 1
libraryManagement/app/modules/auth/auth.service.go:68.16,71.3 1 0
libraryManagement/app/modules/auth/auth.service.go:72.2,72.12 1 1
libraryManagement/app/modules/auth/auth.service.go:76.121,81.126 4 1
libraryManagement/app/modules/auth/auth.service.go:81.126,83.3 1 0
libraryManagement/app/modules/auth/auth.service.go:85.2,86.90 2 1
libraryManagement/app/modules/auth/auth.service.go:86.90,88.3 1 0
libraryManagement/app/modules/auth/auth.service.go:90.2,90.48 1 1
libraryManagement/app/modules/auth/auth.service.go:90.48,94.48 3 1
libraryManagement/app/modules/auth/auth.service.go:94.48,96.4 1 0
libraryManagement/app/modules/auth/auth.service.go:98.3,98.48 1 1
libraryManagement/app/modules/auth/auth.service.go:98.48,100.4 1 0
libraryManagement/app/modules/auth/auth.service.go:102.3,102.13 1 1
libraryManagement/app/modules/auth/auth.service.go:104.2,104.16 1 1
libraryManagement/app/modules/auth/auth.service.go:104.16,106.3 1 0
libraryManagement/app/modules/auth/auth.service.go:107.2,107.12 1 1
libraryManagement/app/modules/issueRegistery/issueRegistery.controller.go:15.71,19.2 2 1
libraryManagement/app/modules/issueRegistery/issueRegistery.controller.go:21.64,25.16 3 1
libraryManagement/app/modules/issueRegistery/issueRegistery.controller.go:25.16,28.3 2 0
libraryManagement/app/modules/issueRegistery/issueRegistery.controller.go:29.2,30.78 2 1
libraryManagement/app/modules/issueRegistery/issueRegistery.router.go:10.69,15.2 3 1
libraryManagement/app/modules/issueRegistery/issueRegistery.router.go:15.2,20.3 2 1
libraryManagement/app/modules/issueRegistery/issueRegistery.service.go:18.157,26.49 5 1
libraryManagement/app/modules/issueRegistery/issueRegistery.service.go:26.49,29.3 1 0
libraryManagement/app/modules/issueRegistery/issueRegistery.service.go:30.2,30.29 1 1
libraryManagement/app/modules/issueRegistery/issueRegistery.service.go:30.29,33.3 1 0
libraryManagement/app/modules/issueRegistery/issueRegistery.service.go:34.2,44.55 3 1
libraryManagement/app/modules/issueRegistery/issueRegistery.service.go:44.55,47.3 1 0
libraryManagement/app/modules/issueRegistery/issueRegistery.service.go:48.2,49.12 2 1
libraryManagement/app/modules/issueRegistery/issueRegistery.service.go:52.136,57.25 4 1
libraryManagement/app/modules/issueRegistery/issueRegistery.service.go:57.25,59.3 1 0
libraryManagement/app/modules/issueRegistery/issueRegistery.service.go:60.2,62.21 2 1
libraryManagement/app/modules/issueRegistery/issueRegistery.service.go:65.120,70.63 3 1
libraryManagement/app/modules/issueRegistery/issueRegistery.service.go:70.63,73.3 1 0
libraryManagement/app/modules/issueRegistery/issueRegistery.service.go:74.2,74.20 1 1
libraryManagement/app/modules/requestEvent/requestEvent.controller.go:21.69,24.2 2 1
libraryManagement/app/modules/requestEvent/requestEvent.controller.go:26.62,32.56 4 1
libraryManagement/app/modules/requestEvent/requestEvent.controller.go:32.56,36.3 3 0
libraryManagement/app/modules/requestEvent/requestEvent.controller.go:37.2,40.16 3 1
libraryManagement/app/modules/requestEvent/requestEvent.controller.go:40.16,44.3 2 1
libraryManagement/app/modules/requestEvent/requestEvent.controller.go:45.2,45.73 1 1
libraryManagement/app/modules/requestEvent/requestEvent.controller.go:49.65,55.16 4 1
libraryManagement/app/modules/requestEvent/requestEvent.controller.go:55.16,58.3 2 0
libraryManagement/app/modules/requestEvent/requestEvent.controller.go:59.2,59.83 1 1
libraryManagement/app/modules/requestEvent/requestEvent.controller.go:62.62,66.12 3 1
libraryManagement/app/modules/requestEvent/requestEvent.controller.go:66.12,68.3 1 0
libraryManagement/app/modules/requestEvent/requestEvent.controller.go:69.2,70.16 2 1
libraryManagement/app/modules/requestEvent/requestEvent.controller.go:70.16,73.3 2 1
libraryManagement/app/modules/requestEvent/requestEvent.controller.go:74.2,74.81 1 1
libraryManagement/app/modules/requestEvent/requestEvent.controller.go:77.65,83.12 4 1
libraryManagement/app/modules/requestEvent/requestEvent.controller.go:83.12,86.3 2 0
libraryManagement/app/modules/requestEvent/requestEvent.controller.go:87.2,89.118 2 1
libraryManagement/app/modules/requestEvent/requestEvent.controller.go:89.118,92.3 2 1
libraryManagement/app/modules/requestEvent/requestEvent.controller.go:94.2,95.16 2 1
libraryManagement/app/modules/requestEvent/requestEvent.controller.go:95.16,98.3 2 1
libraryManagement/app/modules/requestEvent/requestEvent.controller.go:99.2,99.73 1 1
libraryManagement/app/modules/requestEvent/requestEvent.controller.go:103.67,109.16 3 1
libraryManagement/app/modules/requestEvent/requestEvent.controller.go:109.16,112.3 2 0
libraryManagement/app/modules/requestEvent/requestEvent.controller.go:113.2,113.83 1 1
libraryManagement/app/modules/requestEvent/requestEvent.controller.go:117.65,120.12 3 1
libraryManagement/app/modules/requestEvent/requestEvent.controller.go:120.12,124.3 2 0
libraryManagement/app/modules/requestEvent/requestEvent.controller.go:125.2,125.71 1 1
libraryManagement/app/modules/requestEvent/requestEvent.controller.go:125.71,128.3 2 1
libraryManagement/app/modules/requestEvent/requestEvent.controller.go:129.2,129.76 1 1
libraryManagement/app/modules/requestEvent/requestEvent.router.go:11.68,15.2 4 1
libraryManagement/app/modules/requestEvent/requestEvent.router.go:15.2,24.3 7 1
libraryManagement/app/modules/requestEvent/requestEvent.service.go:24.121,28.55 2 1
libraryManagement/app/modules/requestEvent/requestEvent.service.go:28.55,30.3 1 0
libraryManagement/app/modules/requestEvent/requestEvent.service.go:32.2,33.103 2 1
libraryManagement/app/modules/requestEvent/requestEvent.service.go:33.103,35.3 1 1
libraryManagement/app/modules/requestEvent/requestEvent.service.go:36.2,37.44 2 1
libraryManagement/app/modules/requestEvent/requestEvent.service.go:37.44,39.38 2 1
libraryManagement/app/modules/requestEvent/requestEvent.service.go:39.38,42.4 1 0
libraryManagement/app/modules/requestEvent/requestEvent.service.go:44.8,47.38 2 1
libraryManagement/app/modules/requestEvent/requestEvent.service.go:47.38,49.4 1 0
libraryManagement/app/modules/requestEvent/requestEvent.service.go:50.3,52.38 2 1
libraryManagement/app/modules/requestEvent/requestEvent.service.go:52.38,54.4 1 0
libraryManagement/app/modules/requestEvent/requestEvent.service.go:55.3,55.118 1 1
libraryManagement/app/modules/requestEvent/requestEvent.service.go:55.118,58.4 1 0
libraryManagement/app/modules/requestEvent/requestEvent.service.go:61.2,62.27 2 1
libraryManagement/app/modules/requestEvent/requestEvent.service.go:62.27,64.3 1 0
libraryManagement/app/modules/requestEvent/requestEvent.service.go:65.2,65.12 1 1
libraryManagement/app/modules/requestEvent/requestEvent.service.go:68.124,76.25 5 1
libraryManagement/app/modules/requestEvent/requestEvent.service.go:76.25,78.3 1 0
libraryManagement/app/modules/requestEvent/requestEvent.service.go:79.2,79.22 1 1
libraryManagement/app/modules/requestEvent/requestEvent.service.go:81.120,88.27 5 1
libraryManagement/app/modules/requestEvent/requestEvent.service.go:88.27,89.93 1 1
libraryManagement/app/modules/requestEvent/requestEvent.service.go:89.93,91.4 1 1
libraryManagement/app/modules/requestEvent/requestEvent.service.go:92.8,92.65 1 0
libraryManagement/app/modules/requestEvent/requestEvent.service.go:92.65,94.3 1 0
libraryManagement/app/modules/requestEvent/requestEvent.service.go:96.37,98.3 1 0
libraryManagement/app/modules/requestEvent/requestEvent.service.go:101.2,101.41 1 1
libraryManagement/app/modules/requestEvent/requestEvent.service.go:101.41,103.3 1 0
libraryManagement/app/modules/requestEvent/requestEvent.service.go:105.2,105.22 1 1
libraryManagement/app/modules/requestEvent/requestEvent.service.go:108.126,117.82 7 1
libraryManagement/app/modules/requestEvent/requestEvent.service.go:117.82,120.3 1 1
libraryManagement/app/modules/requestEvent/requestEvent.service.go:121.2,121.41 1 1
libraryManagement/app/modules/requestEvent/requestEvent.service.go:121.41,123.3 1 0
libraryManagement/app/modules/requestEvent/requestEvent.service.go:125.2,125.48 1 1
libraryManagement/app/modules/requestEvent/requestEvent.service.go:125.48,128.26 2 1
libraryManagement/app/modules/requestEvent/requestEvent.service.go:128.26,131.4 2 0
libraryManagement/app/modules/requestEvent/requestEvent.service.go:132.3,132.36 1 1
libraryManagement/app/modules/requestEvent/requestEvent.service.go:132.36,134.80 1 1
libraryManagement/app/modules/requestEvent/requestEvent.service.go:134.80,136.5 1 0
libraryManagement/app/modules/requestEvent/requestEvent.service.go:138.4,138.39 1 1
libraryManagement/app/modules/requestEvent/requestEvent.service.go:138.39,139.93 1 1
libraryManagement/app/modules/requestEvent/requestEvent.service.go:139.93,141.6 1 0
libraryManagement/app/modules/requestEvent/requestEvent.service.go:142.5,142.112 1 1
libraryManagement/app/modules/requestEvent/requestEvent.service.go:144.10,144.45 1 1
libraryManagement/app/modules/requestEvent/requestEvent.service.go:144.45,145.126 1 1
libraryManagement/app/modules/requestEvent/requestEvent.service.go:145.126,147.6 1 0
libraryManagement/app/modules/requestEvent/requestEvent.service.go:148.5,149.112 2 1
libraryManagement/app/modules/requestEvent/requestEvent.service.go:152.3,152.13 1 1
libraryManagement/app/modules/requestEvent/requestEvent.service.go:155.2,155.12 1 1
libraryManagement/app/modules/requestEvent/requestEvent.service.go:158.104,163.78 3 1
libraryManagement/app/modules/requestEvent/requestEvent.service.go:163.78,165.3 1 1
libraryManagement/app/modules/requestEvent/requestEvent.service.go:169.2,170.22 2 1
libraryManagement/app/modules/requestEvent/requestEvent.service.go:174.96,179.74 4 1
libraryManagement/app/modules/requestEvent/requestEvent.service.go:179.74,182.3 1 1
libraryManagement/app/modules/requestEvent/requestEvent.service.go:183.2,184.41 2 1
libraryManagement/app/modules/requestEvent/requestEvent.service.go:184.41,186.3 1 1
libraryManagement/app/modules/requestEvent/requestEvent.service.go:187.2,188.12 2 1
libraryManagement/app/modules/requestEvent/requestEvent.service.go:191.87,193.119 1 1
libraryManagement/app/modules/requestEvent/requestEvent.service.go:193.119,195.3 1 1
libraryManagement/app/modules/requestEvent/requestEvent.service.go:196.2,196.13 1 1
libraryManagement/app/modules/requestEvent/requestEvent.service.go:199.123,203.2 3 1
libraryManagement/app/modules/requestEvent/requestEvent.service.go:205.104,209.2 3 1
libraryManagement/docs/docs.go:43.13,45.2 1 1
libraryManagement/utility/encyption.go:5.52,8.16 2 1
libraryManagement/utility/encyption.go:8.16,10.3 1 0
libraryManagement/utility/encyption.go:11.2,11.27 1 1
libraryManagement/utility/encyption.go:14.49,17.16 2 1
libraryManagement/utility/encyption.go:17.16,19.3 1 0
libraryManagement/utility/encyption.go:20.2,20.13 1 1
libraryManagement/utility/jwt.go:17.57,24.16 4 1
libraryManagement/utility/jwt.go:24.16,26.3 1 0
libraryManagement/utility/jwt.go:27.2,27.25 1 1
libraryManagement/utility/jwt.go:30.58,33.79 2 1
libraryManagement/utility/jwt.go:33.79,35.3 1 1
libraryManagement/utility/jwt.go:36.2,36.16 1 1
libraryManagement/utility/jwt.go:36.16,38.3 1 0
libraryManagement/utility/jwt.go:40.2,40.18 1 1
libraryManagement/utility/jwt.go:40.18,42.3 1 0
libraryManagement/utility/jwt.go:44.2,44.19 1 1
libraryManagement/utility/sendResponse.go:7.114,13.18 2 1
libraryManagement/utility/sendResponse.go:13.18,15.3 1 1
libraryManagement/utility/sendResponse.go:16.2,16.17 1 1
libraryManagement/utility/sendResponse.go:16.17,18.3 1 1
libraryManagement/utility/sendResponse.go:20.2,20.30 1 1
libraryManagement/utility/shared.go:14.51,20.2 5 1
libraryManagement/utility/shared.go:22.53,26.2 3 1
libraryManagement/utility/shared.go:27.59,30.17 3 1
libraryManagement/utility/shared.go:30.17,32.3 1 0
libraryManagement/utility/shared.go:33.2,33.28 1 1
libraryManagement/utility/errorss/errors.go:12.35,14.2 1 0
libraryManagement/utility/errorss/errors.go:16.50,18.2 1 1
libraryManagement/utility/errorss/errors.go:20.52,22.2 1 1
libraryManagement/utility/errorss/errors.go:24.61,26.2 1 0
libraryManagement/utility/errorss/errors.go:28.53,30.2 1 0
libraryManagement/utility/errorss/errors.go:31.51,33.2 1 1
libraryManagement/validators/customValidaors.go:14.13,21.2 6 1
libraryManagement/validators/customValidaors.go:23.49,27.2 3 1
libraryManagement/validators/customValidaors.go:28.53,30.23 2 1
libraryManagement/validators/customValidaors.go:30.23,32.3 1 0
libraryManagement/validators/customValidaors.go:35.2,36.15 2 1
libraryManagement/validators/customValidaors.go:36.15,38.3 1 0
libraryManagement/validators/customValidaors.go:41.2,42.15 2 1
libraryManagement/validators/customValidaors.go:42.15,44.3 1 0
libraryManagement/validators/customValidaors.go:47.2,48.15 2 1
libraryManagement/validators/customValidaors.go:48.15,50.3 1 0
libraryManagement/validators/customValidaors.go:53.2,55.17 2 1
libraryManagement/validators/customValidaors.go:55.17,57.3 1 0
libraryManagement/validators/customValidaors.go:60.2,60.13 1 1
libraryManagement/validators/customValidaors.go:63.56,67.2 2 1
libraryManagement/validators/customValidaors.go:70.48,74.2 2 1
libraryManagement/validators/customValidaors.go:76.54,83.26 5 1
libraryManagement/validators/customValidaors.go:83.26,85.3 1 1
libraryManagement/validators/customValidaors.go:86.2,86.24 1 1
libraryManagement/validators/customValidaors.go:86.24,88.3 1 1
libraryManagement/validators/customValidaors.go:89.2,89.22 1 1
libraryManagement/validators/customValidaors.go:89.22,91.3 1 1
libraryManagement/validators/customValidaors.go:92.2,93.61 2 1
